1096197 - No Way Up - 2024-01-18 - [28, 27, 53] - /hu40Uxp9WtpL34jv3zyWLb5zEVY.jpg
693134 - Dune: Part Two - 2024-02-27 - [28, 12, 878] - /8b8R8l88Qje9dn9OE8PY05Nxl1X.jpg
792307 - Poor Things - 2023-12-07 - [878, 10749, 35] - /kCGlIMHnOm8JPXq3rXM6c5wMxcT.jpg
969492 - Land of Bad - 2024-01-25 - [28, 53, 10752] - /h27WHO2czaY5twDmV3Wfx5IdqoE.jpg
438631 - Dune - 2021-09-15 - [878, 12] - /d5NXSklXo0qyIYkgV94XAgMIckC.jpg
940551 - Migration - 2023-12-06 - [16, 28, 12, 35, 10751] - /ldfCF9RhR40mppkzmftxapaHeTo.jpg
1072790 - Anyone But You - 2023-12-21 - [35, 10749] - /yRt7MGBElkLQOYRvLTT1b3B1rcp.jpg
949429 - The Adventures - 2023-12-22 - [10749, 35, 12] - /z3SeS4wjKQ3TjHSvRidovGJbHYb.jpg
787699 - Wonka - 2023-12-06 - [35, 10751, 14] - /qhb1qOilapbapxWQn9jtRCMwXJF.jpg
1139566 - Through My Window 3: Looking at You - 2024-02-23 - [10749, 18, 35] - /gwpTgtwVAwmvivBN8rAQABpx9Am.jpg
1211483 - Skal - Fight for Survival - 2023-11-24 - [28, 27, 35, 53] - /1On8iF3AsFIbpyfZg1xiGWMAFBn.jpg
609681 - The Marvels - 2023-11-08 - [878, 12, 28] - /9GBhzXMFjgcZ3FdR9w3bUMMTps5.jpg
885303 - The Voyagers - 2022-11-21 - [14, 12, 10770] - /38N7GRJLu7IWyEdil96YobJ5LWM.jpg
1022796 - Wish - 2023-11-13 - [16, 10751, 14, 12] - /AcoVfiv1rrWOmAdpnAMnM56ki19.jpg
931642 - Lights Out - 2024-02-16 - [28, 53] - /usDIBB0hOqLM8wMSGistfqxjukZ.jpg
1227816 - Red Right Hand - 2024-02-22 - [80, 28, 53] - /vfEG79SQIg3p6B8rBLVeIo2BBhb.jpg
1028703 - The OctoGames - 2022-10-07 - [53, 28, 27] - /qGz5rffXhegQH5PGUDiObqoOt06.jpg
1079394 - The Five - 2023-01-07 - [37] - /xckDPGprPVDpuzhSyo9E7SZJ2wa.jpg
572802 - Aquaman and the Lost Kingdom - 2023-12-20 - [28, 12, 14] - /7lTnXOy0iNtBAdRP3TZvaKJ77F6.jpg
933131 - Badland Hunters - 2024-01-25 - [878, 28] - /sdI9ufheNPAKnWLl2hnsZKVk0EG.jpg
